Removed Pin From Net: NetName=POWER_EN Pin=R1-1
Removed Pin From Net: NetName=NetDA1_5 Pin=R1-2
Removed Pin From Net: NetName=NetDA1_5 Pin=VD2-C
Change Component DesignItemId : Designator=R1 Old DesignItemId=RC0603FR-0713K3L New DesignItemId=RC0603FR-07511KL
Change Component Comment : Designator=R1 Old Comment=13.3k New Comment=511k
Change Component Description : Designator=R1 Old Description=RES SMD 13.3K OHM 1% 1/10W 0603 New Description=RES SMD 511K OHM 1% 1/10W 0603
Change component parameters: Designator = "DA1" ("DA1"); Footprint = "SOT95P280X110-6N"; UniqueID = "\VJVFFZTX" ("\VJVFFZTX")
Change component parameters (AddParameter): Name = "Arrow Part Number"; Value = "TPS54202DDCR"; VariantName = "[No Variations]"
Change component parameters (AddParameter): Name = "Arrow Price/Stock"; Value = "https://www.arrow.com/en/products/tps54202ddcr/texas-instruments?region=nac"; VariantName = "[No Variations]"
Change component parameters (AddParameter): Name = "ComponentLink1Description"; Value = "Datasheet"; VariantName = "[No Variations]"
Change component parameters (AddParameter): Name = "ComponentLink1URL"; Value = "https://static.chipdip.ru/lib/513/DOC010513657.pdf"; VariantName = "[No Variations]"
Change component parameters (AddParameter): Name = "Datasheet Link"; Value = "http://www.ti.com/lit/gpn/tps54202"; VariantName = "[No Variations]"
Change component parameters (AddParameter): Name = "Height"; Value = "1.1mm"; VariantName = "[No Variations]"
Change component parameters (AddParameter): Name = "Manufacturer_Name"; Value = "Texas Instruments"; VariantName = "[No Variations]"
Change component parameters (AddParameter): Name = "Mouser Part Number"; Value = "595-TPS54202DDCR"; VariantName = "[No Variations]"
Change component parameters (AddParameter): Name = "Mouser Price/Stock"; Value = "https://www.mouser.co.uk/ProductDetail/Texas-Instruments/TPS54202DDCR?qs=uP22XH7NdCsJtN%2Fq54jCtQ%3D%3D"; VariantName = "[No Variations]"
Change component parameters (AddParameter): Name = "Part Number"; Value = "TPS54202DDCR"; VariantName = "[No Variations]"
Change component parameters: Designator = "R1" ("R1"); Footprint = "R0603 (1608 Metric) N"; UniqueID = "\ZISGLRYH" ("\ZISGLRYH")
Change component parameters (AddParameter): Name = "ComponentLink1Description"; Value = "Datasheet"; VariantName = "[No Variations]"
Change component parameters (AddParameter): Name = "ComponentLink1URL"; Value = "http://www.yageo.com/documents/recent/PYu-RC_Grou"; VariantName = "[No Variations]"
Change component parameters (AddParameter): Name = "Composition"; Value = "Thick Film"; VariantName = "[No Variations]"
Change component parameters (AddParameter): Name = "Features"; Value = "Moisture Resistant"; VariantName = "[No Variations]"
Change component parameters (AddParameter): Name = "Height - Seated (Max)"; Value = "0.022" (0.55mm)"; VariantName = "[No Variations]"
Change component parameters (AddParameter): Name = "Image"; Value = "//media.digikey.com/Renders/Yageo%20Renders/0603-(1608-Metric).jpg"; VariantName = "[No Variations]"
Change component parameters (AddParameter): Name = "Manufacturer"; Value = "Yageo"; VariantName = "[No Variations]"
Change component parameters (AddParameter): Name = "Operating Temperature"; Value = "-55°C ~ 155°C"; VariantName = "[No Variations]"
Change component parameters (AddParameter): Name = "Package / Case"; Value = "0603 (1608 Metric)"; VariantName = "[No Variations]"
Change component parameters (AddParameter): Name = "Part Number"; Value = "RC0603FR-07511KL"; VariantName = "[No Variations]"
Change component parameters (AddParameter): Name = "Part Status"; Value = "Active"; VariantName = "[No Variations]"
Change component parameters (AddParameter): Name = "Part Type"; Value = "Resistor"; VariantName = "[No Variations]"
Change component parameters (AddParameter): Name = "Points"; Value = "2"; VariantName = "[No Variations]"
Change component parameters (AddParameter): Name = "Power (Watts)"; Value = "0.1W, 1/10W"; VariantName = "[No Variations]"
Change component parameters (AddParameter): Name = "Series"; Value = "RC"; VariantName = "[No Variations]"
Change component parameters (AddParameter): Name = "Size / Dimension"; Value = "0.063" L x 0.031" W (1.60mm x 0.80mm)"; VariantName = "[No Variations]"
Change component parameters (AddParameter): Name = "Supplier 1"; Value = "Digikey"; VariantName = "[No Variations]"
Change component parameters (AddParameter): Name = "Supplier Device Package"; Value = "0603"; VariantName = "[No Variations]"
Change component parameters (AddParameter): Name = "Supplier Part Number 1"; Value = "311-511KHRCT-ND"; VariantName = "[No Variations]"
Change component parameters (AddParameter): Name = "Temperature Coefficient"; Value = "±100ppm/°C"; VariantName = "[No Variations]"
Change component parameters (AddParameter): Name = "Tolerance"; Value = "±1%"; VariantName = "[No Variations]"
Change component parameters (AddParameter): Name = "Unit Price (USD)"; Value = "0.10000"; VariantName = "[No Variations]"
Change component parameters (AddParameter): Name = "Value"; Value = "511k"; VariantName = "[No Variations]"
Change component parameters (AddParameter): Name = "ValueGOST"; Value = "511êÎì"; VariantName = "[No Variations]"
Add Component: Footprint Not Found C0603 (1608 Metric) N
Add Component: Footprint Not Found C0603 (1608 Metric) N
Add Component: Footprint Not Found R0603 (1608 Metric) N
Add Component: Footprint Not Found R0603 (1608 Metric) N
Add Component: Footprint Not Found R0603 (1608 Metric) N
Add Component: Footprint Not Found R0603 (1608 Metric) N
Add Component: Footprint Not Found R0603 (1608 Metric) N
Add Component: Footprint Not Found R0603 (1608 Metric) N
Add Component: Footprint Not Found SOD-523
Add Component: Footprint Not Found SOT23_3_mosfet_1
Add Pin To Net: Unknown Pin: Pin C8-1
Add Pin To Net: Unknown Pin: Pin C9-1
Added Pin To Net: NetName=NetC1_2 Pin=R1-2
Add Pin To Net: Unknown Pin: Pin R4-1
Add Pin To Net: Unknown Pin: Pin R5-1
Add Pin To Net: Unknown Pin: Pin R5-2
Add Pin To Net: Unknown Pin: Pin R6-2
Add Pin To Net: Unknown Pin: Pin R7-1
Add Pin To Net: Unknown Pin: Pin R8-1
Add Pin To Net: Unknown Pin: Pin VD5-A
Add Pin To Net: Unknown Pin: Pin VT1-D
Add Pin To Net: Unknown Pin: Pin VT1-S
Change Net Name : Old Net Name=NetC1_2 New Net Name=VBAT
Change Net Name : Old Net Name=NetC4_1 New Net Name=+5
Added Pin To Net: NetName=NetC9_2 Pin=X5-3
Added Net: Name=NetC9_2
Added Pin To Net: NetName=NetR4_2 Pin=VD2-C
Added Net: Name=NetR4_2
Added Pin To Net: NetName=VACC Pin=R1-1
Added Net: Name=VACC
Added Member To Class: ClassName=PowerBoard Member=Component C1 4.7uF
Added Member To Class: ClassName=PowerBoard Member=Component C2 0.1uF
Added Member To Class: ClassName=PowerBoard Member=Component C4 22uF
Add Class Member: Failed to add class member : Component C8 0.1uF
Add Class Member: Failed to add class member : Component C9 0.1uF
Add Class Member: Failed to add class member : Component R4 1k
Add Class Member: Failed to add class member : Component R5 100k
Add Class Member: Failed to add class member : Component R6 511k
Add Class Member: Failed to add class member : Component R7 100k
Add Class Member: Failed to add class member : Component R8 100k
Add Class Member: Failed to add class member : Component R9 1k
Add Class Member: Failed to add class member : Component VD5 PESD12VS1UB
Add Class Member: Failed to add class member : Component VT1 WM03N32M
Added Member To Class: ClassName=PowerBoard Member=Component X1 2EDGRC-5.0-02P-14-00AH
