Added Component: Designator=VT3(SOT95P245X110-3N)
Add component (AddParameter): Name = "ComponentLink1Description"; Value = "Datasheet"; VariantName = "[No Variations]"
Add component (AddParameter): Name = "ComponentLink1URL"; Value = "https://datasheet.lcsc.com/lcsc/2206101730_Wayon-WM03N32M_C3030969.pdf"; VariantName = "[No Variations]"
Add component (AddParameter): Name = "ComponentLink2Description"; Value = "Local Supplier"; VariantName = "[No Variations]"
Add component (AddParameter): Name = "ComponentLink2URL"; Value = "https://www.electronshik.ru/item/WAYON/WM03N32M"; VariantName = "[No Variations]"
Add component (AddParameter): Name = "Current - Continuous Drain (Id) @ 25°C"; Value = "3.2A"; VariantName = "[No Variations]"
Add component (AddParameter): Name = "Drain to Source Voltage (Vdss)"; Value = "30V"; VariantName = "[No Variations]"
Add component (AddParameter): Name = "Drive Voltage (Max Rds On,  Min Rds On)"; Value = "4.5V"; VariantName = "[No Variations]"
Add component (AddParameter): Name = "FET Type"; Value = "N-Channel"; VariantName = "[No Variations]"
Add component (AddParameter): Name = "Manufacturer"; Value = "way-on"; VariantName = "[No Variations]"
Add component (AddParameter): Name = "Part Number"; Value = "WM03N32M"; VariantName = "[No Variations]"
Add component (AddParameter): Name = "Supplier 1"; Value = "electronshik.ru"; VariantName = "[No Variations]"
Add component (AddParameter): Name = "Vgs(th) (Max) @ Id"; Value = "1.5"; VariantName = "[No Variations]"
Add Pin To Net: Unknown Pin: Pin VT2-D
Add Pin To Net: Unknown Pin: Pin VT2-G
Add Pin To Net: Unknown Pin: Pin VT2-S
Added Pin To Net: NetName=NetVT2_D Pin=VT3-D
Added Pin To Net: NetName=VGS Pin=VT3-G
Added Pin To Net: NetName=GND Pin=VT3-S
Added Member To Class: ClassName=PowerBoard Member=Component VT3 WM03N32M
